#! /c/Source/iverilog-install/bin/vvp
:ivl_version "12.0 (devel)" "(s20150603-1539-g2693dd32b)";
:ivl_delay_selection "TYPICAL";
:vpi_time_precision - 9;
:vpi_module "C:\iverilog\lib\ivl\system.vpi";
:vpi_module "C:\iverilog\lib\ivl\vhdl_sys.vpi";
:vpi_module "C:\iverilog\lib\ivl\vhdl_textio.vpi";
:vpi_module "C:\iverilog\lib\ivl\v2005_math.vpi";
:vpi_module "C:\iverilog\lib\ivl\va_math.vpi";
S_000001b761c19140 .scope module, "xnorgate_test" "xnorgate_test" 2 4;
 .timescale -9 -9;
v000001b761c1be60_0 .var "A", 0 0;
v000001b761c1bf00_0 .var "B", 0 0;
v000001b761ca5050_0 .net "X", 0 0, L_000001b761c17140;  1 drivers
S_000001b761ca4ec0 .scope module, "uut" "xnorgate_module" 2 12, 3 1 0, S_000001b761c19140;
 .timescale -9 -9;
    .port_info 0 /INPUT 1 "A";
    .port_info 1 /INPUT 1 "B";
    .port_info 2 /OUTPUT 1 "X";
L_000001b761c1eee0 .functor XOR 1, v000001b761c1be60_0, v000001b761c1bf00_0, C4<0>, C4<0>;
L_000001b761c17140 .functor NOT 1, L_000001b761c1eee0, C4<0>, C4<0>, C4<0>;
v000001b761c1ee40_0 .net "A", 0 0, v000001b761c1be60_0;  1 drivers
v000001b761c16d40_0 .net "B", 0 0, v000001b761c1bf00_0;  1 drivers
v000001b761c1bd20_0 .net "X", 0 0, L_000001b761c17140;  alias, 1 drivers
v000001b761c1bdc0_0 .net *"_ivl_0", 0 0, L_000001b761c1eee0;  1 drivers
    .scope S_000001b761c19140;
T_0 ;
    %vpi_call 2 16 "$dumpfile", "xnorgate_test.vcd" {0 0 0};
    %vpi_call 2 17 "$dumpvars", 32'sb00000000000000000000000000000000, S_000001b761c19140 {0 0 0};
    %pushi/vec4 0, 0, 1;
    %store/vec4 v000001b761c1be60_0, 0, 1;
    %pushi/vec4 0, 0, 1;
    %store/vec4 v000001b761c1bf00_0, 0, 1;
    %delay 10, 0;
    %pushi/vec4 0, 0, 1;
    %store/vec4 v000001b761c1be60_0, 0, 1;
    %pushi/vec4 1, 0, 1;
    %store/vec4 v000001b761c1bf00_0, 0, 1;
    %delay 10, 0;
    %pushi/vec4 1, 0, 1;
    %store/vec4 v000001b761c1be60_0, 0, 1;
    %pushi/vec4 0, 0, 1;
    %store/vec4 v000001b761c1bf00_0, 0, 1;
    %delay 10, 0;
    %pushi/vec4 1, 0, 1;
    %store/vec4 v000001b761c1be60_0, 0, 1;
    %pushi/vec4 1, 0, 1;
    %store/vec4 v000001b761c1bf00_0, 0, 1;
    %delay 10, 0;
    %vpi_call 2 35 "$display", " Testing xnor " {0 0 0};
    %end;
    .thread T_0;
# The file index is used to find the file name in the following table.
:file_names 4;
    "N/A";
    "<interactive>";
    "xnor_test.v";
    "./xnorgate_module.v";
